"Start of log file."
"C:/Users/KAT12S~2/Desktop/GitHub/GLOBAL~1/UNITYP~1/Assets/_models/weight.max"
"Starting max loading and fbx conversion"
window = undefined
"Settings units"
"Before fbx export"
"After fbx export"
"Finished max loading and fbx conversion"
"C:/Users/KAT12S~2/Desktop/GitHub/GLOBAL~1/UNITYP~1/Assets/_models/BABYCA~1.MAX"
"Starting max loading and fbx conversion"
window = undefined
"Settings units"
"Before fbx export"
"After fbx export"
"Finished max loading and fbx conversion"
"C:/Users/KAT12S~2/Desktop/GitHub/GLOBAL~1/UNITYP~1/Assets/_models/drum.max"
"Starting max loading and fbx conversion"
window = undefined
"Settings units"
"Before fbx export"
"After fbx export"
"Finished max loading and fbx conversion"
"C:/Users/KAT12S~2/Desktop/GitHub/GLOBAL~1/UNITYP~1/Assets/_models/HIPSTE~1.MAX"
"Starting max loading and fbx conversion"
window = undefined
"Settings units"
"Before fbx export"
"After fbx export"
"Finished max loading and fbx conversion"
"C:/Users/KAT12S~2/Desktop/GitHub/GLOBAL~1/UNITYP~1/Assets/_models/weight.max"
"Starting max loading and fbx conversion"
window = undefined
"Settings units"
"Before fbx export"
"After fbx export"
"Finished max loading and fbx conversion"
"C:/Users/KAT12S~2/Desktop/GitHub/GLOBAL~1/UNITYP~1/Assets/_models/chair.max"
"Starting max loading and fbx conversion"
window = undefined
"Settings units"
"Before fbx export"
"After fbx export"
"Finished max loading and fbx conversion"
